<?xml version="1.0" encoding="UTF-8"?>
<!-- Generated by org.testng.reporters.JUnitXMLReporter -->
<testsuite ignored="0" hostname="VivekKashyaps-MacBook-Air.local" failures="0" tests="3" name="Command line test" time="1.712" errors="0" timestamp="2023-02-01T12:20:06 IST">
  <testcase classname="VaccinePriceTest" name="StateCheck" time="1.248"/>
  <testcase classname="TestState" name="StateCheck" time="0.255"/>
  <testcase classname="TestDistrict" name="StateCheck" time="0.192"/>
</testsuite> <!-- Command line test -->
