<?xml version="1.0" encoding="UTF-8"?>
<testng-results ignored="0" total="1" passed="1" failed="0" skipped="0">
  <reporter-output>
  </reporter-output>
  <suite started-at="2023-01-30T23:06:41 IST" name="TestState" finished-at="2023-01-30T23:06:42 IST" duration-ms="1086">
    <groups>
    </groups>
    <test started-at="2023-01-30T23:06:41 IST" name="Command line test" finished-at="2023-01-30T23:06:42 IST" duration-ms="1086">
      <class name="TestState">
        <test-method signature="StateCheck()[pri:0, instance:TestState@306279ee]" started-at="2023-01-30T23:06:41 IST" name="StateCheck" finished-at="2023-01-30T23:06:42 IST" duration-ms="1072" status="PASS">
          <reporter-output>
          </reporter-output>
        </test-method> <!-- StateCheck -->
      </class> <!-- TestState -->
    </test> <!-- Command line test -->
  </suite> <!-- TestState -->
</testng-results>
