<?xml version="1.0" encoding="UTF-8"?>
<testng-results ignored="0" total="3" passed="3" failed="0" skipped="0">
  <reporter-output>
  </reporter-output>
  <suite started-at="2023-02-01T12:20:00 IST" name="Command line suite" finished-at="2023-02-01T12:20:01 IST" duration-ms="1712">
    <groups>
    </groups>
    <test started-at="2023-02-01T12:20:00 IST" name="Command line test" finished-at="2023-02-01T12:20:01 IST" duration-ms="1712">
      <class name="TestDistrict">
        <test-method signature="StateCheck()[pri:0, instance:TestDistrict@27d415d9]" started-at="2023-02-01T12:20:01 IST" name="StateCheck" finished-at="2023-02-01T12:20:01 IST" duration-ms="192" status="PASS">
          <reporter-output>
          </reporter-output>
        </test-method> <!-- StateCheck -->
      </class> <!-- TestDistrict -->
      <class name="VaccinePriceTest">
        <test-method signature="StateCheck()[pri:0, instance:VaccinePriceTest@548ad73b]" started-at="2023-02-01T12:20:00 IST" name="StateCheck" finished-at="2023-02-01T12:20:01 IST" duration-ms="1248" status="PASS">
          <reporter-output>
          </reporter-output>
        </test-method> <!-- StateCheck -->
      </class> <!-- VaccinePriceTest -->
      <class name="TestState">
        <test-method signature="StateCheck()[pri:0, instance:TestState@fcd6521]" started-at="2023-02-01T12:20:01 IST" name="StateCheck" finished-at="2023-02-01T12:20:01 IST" duration-ms="255" status="PASS">
          <reporter-output>
          </reporter-output>
        </test-method> <!-- StateCheck -->
      </class> <!-- TestState -->
    </test> <!-- Command line test -->
  </suite> <!-- Command line suite -->
</testng-results>
